=======================================
   RESISC45 LoRA SANITY CHECK
=======================================
Host: gpu-11-3
Start time: Tue Feb 10 13:02:31 +04 2026

trainable params: 2,382,336 || all params: 657,583,805 || trainable%: 0.3623

Epoch 1/100
Saved new best model @ epoch 1 with val_acc=0.0739

Epoch 2/100
Saved new best model @ epoch 2 with val_acc=0.6954

Epoch 3/100
Saved new best model @ epoch 3 with val_acc=0.8629

Epoch 4/100
Saved new best model @ epoch 4 with val_acc=0.8971

Epoch 5/100
Saved new best model @ epoch 5 with val_acc=0.9181

Epoch 6/100
Saved new best model @ epoch 6 with val_acc=0.9243

Epoch 7/100
Saved new best model @ epoch 7 with val_acc=0.9327

Epoch 8/100
Saved new best model @ epoch 8 with val_acc=0.9361

Epoch 9/100

Epoch 10/100

Epoch 11/100
Saved new best model @ epoch 11 with val_acc=0.9366

Epoch 12/100
Saved new best model @ epoch 12 with val_acc=0.9407

Epoch 13/100

Epoch 14/100
Saved new best model @ epoch 14 with val_acc=0.9414

Epoch 15/100

Epoch 16/100
Saved new best model @ epoch 16 with val_acc=0.9440

Epoch 17/100

Epoch 18/100
Saved new best model @ epoch 18 with val_acc=0.9445

Epoch 19/100

Epoch 20/100

Epoch 21/100

Epoch 22/100

Epoch 23/100

Epoch 24/100

Epoch 25/100
Saved new best model @ epoch 25 with val_acc=0.9455

Epoch 26/100
Saved new best model @ epoch 26 with val_acc=0.9461

Epoch 27/100

Epoch 28/100
Saved new best model @ epoch 28 with val_acc=0.9463

Epoch 29/100

Epoch 30/100

Epoch 31/100
Saved new best model @ epoch 31 with val_acc=0.9468

Epoch 32/100

Epoch 33/100

Epoch 34/100

Epoch 35/100

Epoch 36/100

Epoch 37/100

Epoch 38/100

Epoch 39/100
Saved new best model @ epoch 39 with val_acc=0.9485

Epoch 40/100

Epoch 41/100

Epoch 42/100

Epoch 43/100

Epoch 44/100

Epoch 45/100

Epoch 46/100

Epoch 47/100

Epoch 48/100

Epoch 49/100

Epoch 50/100

Epoch 51/100

Epoch 52/100

Epoch 53/100
Saved new best model @ epoch 53 with val_acc=0.9489

Epoch 54/100

Epoch 55/100

Epoch 56/100

Epoch 57/100

Epoch 58/100

Epoch 59/100

Epoch 60/100
Saved new best model @ epoch 60 with val_acc=0.9499

Epoch 61/100
Saved new best model @ epoch 61 with val_acc=0.9503

Epoch 62/100

Epoch 63/100

Epoch 64/100

Epoch 65/100

Epoch 66/100

Epoch 67/100

Epoch 68/100

Epoch 69/100

Epoch 70/100

Epoch 71/100

Epoch 72/100

Epoch 73/100

Epoch 74/100

Epoch 75/100

Epoch 76/100

Epoch 77/100

Epoch 78/100

Epoch 79/100

Epoch 80/100

Epoch 81/100

Epoch 82/100

Epoch 83/100

Epoch 84/100

Epoch 85/100

Epoch 86/100

Epoch 87/100

Epoch 88/100

Epoch 89/100

Epoch 90/100

Epoch 91/100

Epoch 92/100

Epoch 93/100

Epoch 94/100

Epoch 95/100

Epoch 96/100

Epoch 97/100

Epoch 98/100

Epoch 99/100

Epoch 100/100
[1;34mwandb[0m: 
[1;34mwandb[0m: 🚀 View run [33mvivid-spaceship-10[0m at: [34mhttps://wandb.ai/winnerabula55-khalifa-university/LoRA_resisc45_sanity/runs/k013hvwo[0m
[1;34mwandb[0m: Find logs at: [1;35mwandb/run-20260210_130251-k013hvwo/logs[0m

Finish time: Wed Feb 11 13:15:06 +04 2026
=======================================
